C:\USERS\DALI\DROPBOX\ICS51\LABS\LAB2\DEBUG\LAB2-TEST.OBJ
C:\USERS\DALI\DROPBOX\ICS51\LABS\LAB2\DEBUG\VC110.PDB
C:\USERS\DALI\DROPBOX\ICS51\LABS\LAB2\DEBUG\LAB2.OBJ
C:\USERS\DALI\DROPBOX\ICS51\LABS\LAB2\DEBUG\LAB2.ILK
C:\USERS\DALI\DROPBOX\ICS51\LABS\LAB2\DEBUG\LAB2.EXE
C:\USERS\DALI\DROPBOX\ICS51\LABS\LAB2\DEBUG\LAB2.PDB
C:\Users\Dali\Dropbox\ics51\labs\lab2\Debug\lab2-test.obj
C:\Users\Dali\Dropbox\ics51\labs\lab2\Debug\lab2.obj
C:\Users\Dali\Dropbox\ics51\labs\lab2\Debug\lab2.ilk
C:\Users\Dali\Dropbox\ics51\labs\lab2\Debug\cl.command.1.tlog
C:\Users\Dali\Dropbox\ics51\labs\lab2\Debug\CL.read.1.tlog
C:\Users\Dali\Dropbox\ics51\labs\lab2\Debug\CL.write.1.tlog
C:\Users\Dali\Dropbox\ics51\labs\lab2\Debug\link-cvtres.read.1.tlog
C:\Users\Dali\Dropbox\ics51\labs\lab2\Debug\link-cvtres.write.1.tlog
C:\Users\Dali\Dropbox\ics51\labs\lab2\Debug\link-rc.read.1.tlog
C:\Users\Dali\Dropbox\ics51\labs\lab2\Debug\link-rc.write.1.tlog
C:\Users\Dali\Dropbox\ics51\labs\lab2\Debug\link.11452-cvtres.read.1.tlog
C:\Users\Dali\Dropbox\ics51\labs\lab2\Debug\link.11452-cvtres.write.1.tlog
C:\Users\Dali\Dropbox\ics51\labs\lab2\Debug\link.11452-rc.read.1.tlog
C:\Users\Dali\Dropbox\ics51\labs\lab2\Debug\link.11452-rc.write.1.tlog
C:\Users\Dali\Dropbox\ics51\labs\lab2\Debug\link.11452.read.1.tlog
C:\Users\Dali\Dropbox\ics51\labs\lab2\Debug\link.11452.write.1.tlog
C:\Users\Dali\Dropbox\ics51\labs\lab2\Debug\link.command.1.tlog
C:\Users\Dali\Dropbox\ics51\labs\lab2\Debug\link.read.1.tlog
C:\Users\Dali\Dropbox\ics51\labs\lab2\Debug\link.write.1.tlog
C:\Users\Dali\Dropbox\ics51\labs\lab2\Debug\vc110.idb
C:\Users\Dali\Dropbox\ics51\labs\lab2\Debug\lab2.pdb
C:\Users\Dali\Dropbox\ics51\labs\lab2\Debug\vc110.pdb
C:\Users\Dali\Dropbox\ics51\labs\lab2\Debug\lab2.exe
