C:\USERS\DALI\DROPBOX\ICS51\LABS\LAB1_WORKSPACE\LAB1\DEBUG\LAB1.OBJ
C:\USERS\DALI\DROPBOX\ICS51\LABS\LAB1_WORKSPACE\LAB1\DEBUG\LAB1-TESTS.OBJ
C:\USERS\DALI\DROPBOX\ICS51\LABS\LAB1_WORKSPACE\LAB1\DEBUG\VC110.PDB
C:\USERS\DALI\DROPBOX\ICS51\LABS\LAB1\DEBUG\LAB1-TESTS.OBJ
C:\USERS\DALI\DROPBOX\ICS51\LABS\LAB1\DEBUG\LAB1.OBJ
C:\USERS\DALI\DROPBOX\ICS51\LABS\LAB1\DEBUG\VC110.PDB
C:\USERS\DALI\DROPBOX\ICS51\LABS\LAB1_WORKSPACE\LAB1\DEBUG\LAB1.ILK
C:\USERS\DALI\DROPBOX\ICS51\LABS\LAB1_WORKSPACE\LAB1\DEBUG\LAB1.EXE
C:\USERS\DALI\DROPBOX\ICS51\LABS\LAB1_WORKSPACE\LAB1\DEBUG\LAB1.PDB
C:\USERS\DALI\DROPBOX\ICS51\LABS\LAB1\DEBUG\LAB1.ILK
C:\USERS\DALI\DROPBOX\ICS51\LABS\LAB1\DEBUG\LAB1.EXE
C:\USERS\DALI\DROPBOX\ICS51\LABS\LAB1\DEBUG\LAB1.PDB
C:\Users\Dali\Dropbox\ics51\labs\lab1\Debug\lab1-tests.obj
C:\Users\Dali\Dropbox\ics51\labs\lab1\Debug\lab1.obj
C:\Users\Dali\Dropbox\ics51\labs\lab1\Debug\lab1.ilk
C:\Users\Dali\Dropbox\ics51\labs\lab1\Debug\cl.command.1.tlog
C:\Users\Dali\Dropbox\ics51\labs\lab1\Debug\CL.read.1.tlog
C:\Users\Dali\Dropbox\ics51\labs\lab1\Debug\CL.write.1.tlog
C:\Users\Dali\Dropbox\ics51\labs\lab1\Debug\link-cvtres.read.1.tlog
C:\Users\Dali\Dropbox\ics51\labs\lab1\Debug\link-cvtres.write.1.tlog
C:\Users\Dali\Dropbox\ics51\labs\lab1\Debug\link-rc.read.1.tlog
C:\Users\Dali\Dropbox\ics51\labs\lab1\Debug\link-rc.write.1.tlog
C:\Users\Dali\Dropbox\ics51\labs\lab1\Debug\link.4664-cvtres.read.1.tlog
C:\Users\Dali\Dropbox\ics51\labs\lab1\Debug\link.4664-cvtres.write.1.tlog
C:\Users\Dali\Dropbox\ics51\labs\lab1\Debug\link.4664-rc.read.1.tlog
C:\Users\Dali\Dropbox\ics51\labs\lab1\Debug\link.4664-rc.write.1.tlog
C:\Users\Dali\Dropbox\ics51\labs\lab1\Debug\link.4664.read.1.tlog
C:\Users\Dali\Dropbox\ics51\labs\lab1\Debug\link.4664.write.1.tlog
C:\Users\Dali\Dropbox\ics51\labs\lab1\Debug\link.command.1.tlog
C:\Users\Dali\Dropbox\ics51\labs\lab1\Debug\link.read.1.tlog
C:\Users\Dali\Dropbox\ics51\labs\lab1\Debug\link.write.1.tlog
C:\Users\Dali\Dropbox\ics51\labs\lab1\Debug\vc110.idb
C:\Users\Dali\Dropbox\ics51\labs\lab1\Debug\lab1.pdb
C:\Users\Dali\Dropbox\ics51\labs\lab1\Debug\vc110.pdb
C:\Users\Dali\Dropbox\ics51\labs\lab1\Debug\lab1.exe
